<?xml version="1.0" encoding="UTF-8"?>
<!-- Generated by org.testng.reporters.JUnitXMLReporter -->
<testsuite ignored="0" hostname="Badal-pc" failures="0" tests="5" name="Surefire test" time="0.094" errors="0" timestamp="2025-04-10T16:27:05 IST">
  <testcase classname="tests.LoginTest" name="@BeforeMethod openApp" time="0.005">
    <failure type="java.lang.Error" message="Unresolved compilation problems: 
	WebDriverManager cannot be resolved
	WebDriverManager cannot be resolved
	WebDriverManager cannot be resolved
">
      <![CDATA[java.lang.Error: Unresolved compilation problems: 
WebDriverManager cannot be resolved
WebDriverManager cannot be resolved
WebDriverManager cannot be resolved

at resources.Base.initializeDriver(Base.java:30)
at tests.LoginTest.openApp(LoginTest.java:47)
at java.base/java.util.ArrayList.forEach(ArrayList.java:1596)
... Removed 34 stack frames]]>
    </failure>
  </testcase> <!-- @BeforeMethod openApp -->
  <testcase classname="tests.LoginTest" name="@AfterMethod closure" time="0.0">
    <skipped/>
  </testcase> <!-- @AfterMethod closure -->
  <testcase classname="tests.LoginTest" name="@BeforeMethod openApp" time="0.0">
    <skipped/>
  </testcase> <!-- @BeforeMethod openApp -->
  <testcase classname="tests.LoginTest" name="@AfterMethod closure" time="0.0">
    <skipped/>
  </testcase> <!-- @AfterMethod closure -->
  <testcase classname="tests.FourTest" name="testFour" time="0.006"/>
  <testcase classname="tests.LoginTest" name="login" time="0.0">
    <skipped/>
  </testcase> <!-- login -->
  <testcase classname="tests.LoginTest" name="login" time="0.001">
    <skipped/>
  </testcase> <!-- login -->
  <testcase classname="tests.ThreeTest" name="testThree" time="0.001"/>
  <testcase classname="tests.TwoTest" name="testTwo" time="0.002"/>
</testsuite> <!-- Surefire test -->
