<?xml version="1.0" encoding="UTF-8"?>
<!-- Generated by org.testng.reporters.JUnitXMLReporter -->
<testsuite ignored="0" hostname="Badal-pc" failures="0" tests="4" name="Test" time="75.702" errors="0" timestamp="2025-04-11T00:16:07 IST">
  <testcase classname="tests.FourTest" name="testFour" time="19.419"/>
  <testcase classname="tests.TwoTest" name="testTwo" time="18.085"/>
  <testcase classname="tests.LoginTest" name="login" time="3.358"/>
  <testcase classname="tests.ThreeTest" name="testThree" time="18.267"/>
</testsuite> <!-- Test -->
