<?xml version="1.0" encoding="UTF-8"?>
<!-- Generated by org.testng.reporters.JUnitXMLReporter -->
<testsuite ignored="0" hostname="Badal-pc" failures="0" tests="5" name="Test" time="50.149" errors="0" timestamp="2025-04-10T17:38:38 IST">
  <testcase classname="tests.FourTest" name="testFour" time="0.006"/>
  <testcase classname="tests.TwoTest" name="testTwo" time="0.003"/>
  <testcase classname="tests.LoginTest" name="login" time="3.471"/>
  <testcase classname="tests.LoginTest" name="login" time="13.098"/>
  <testcase classname="tests.ThreeTest" name="testThree" time="0.001"/>
</testsuite> <!-- Test -->
